1500313998605	geckodriver	INFO	Listening on 127.0.0.1:61786
1500313999717	geckodriver::marionette	INFO	Starting browser /Applications/Firefox.app/Contents/MacOS/firefox-bin with args ["-marionette"]
1500314002310	Marionette	INFO	Listening on port 61813
1500314002397	Marionette	WARN	TLS certificate errors will be ignored for this session
1500314002682	Marionette	DEBUG	loaded listener.js
1500314002718	Marionette	DEBUG	Received DOM event "beforeunload" for "about:blank"
2017-07-17 13:53:22.779 plugin-container[58219:39994479] *** CFMessagePort: bootstrap_register(): failed 1100 (0x44c) 'Permission denied', port = 0x963b, name = 'com.apple.tsm.portname'
See /usr/include/servers/bootstrap_defs.h for the error codes.
2017-07-17 13:53:22.780 plugin-container[58219:39994479] *** CFMessagePort: bootstrap_register(): failed 1100 (0x44c) 'Permission denied', port = 0x9903, name = 'com.apple.CFPasteboardClient'
See /usr/include/servers/bootstrap_defs.h for the error codes.
1500314003827	Marionette	DEBUG	Received DOM event "pagehide" for "about:blank"
1500314003828	Marionette	DEBUG	Received DOM event "unload" for "about:blank"
1500314003840	Marionette	DEBUG	Received DOM event "DOMContentLoaded" for "http://radar.itjuzi.com/company"
1500314003851	Marionette	DEBUG	Received DOM event "pageshow" for "http://radar.itjuzi.com/company"
1500314075602	geckodriver	INFO	Listening on 127.0.0.1:62253
1500314076681	geckodriver::marionette	INFO	Starting browser /Applications/Firefox.app/Contents/MacOS/firefox-bin with args ["-marionette"]
1500314078927	Marionette	INFO	Listening on port 62276
1500314079034	Marionette	WARN	TLS certificate errors will be ignored for this session
1500314079380	Marionette	DEBUG	loaded listener.js
1500314079421	Marionette	DEBUG	Received DOM event "beforeunload" for "about:blank"
2017-07-17 13:54:39.499 plugin-container[58289:39995400] *** CFMessagePort: bootstrap_register(): failed 1100 (0x44c) 'Permission denied', port = 0x963b, name = 'com.apple.tsm.portname'
See /usr/include/servers/bootstrap_defs.h for the error codes.
2017-07-17 13:54:39.501 plugin-container[58289:39995400] *** CFMessagePort: bootstrap_register(): failed 1100 (0x44c) 'Permission denied', port = 0x9907, name = 'com.apple.CFPasteboardClient'
See /usr/include/servers/bootstrap_defs.h for the error codes.
1500314079936	Marionette	DEBUG	Received DOM event "pagehide" for "about:blank"
1500314079938	Marionette	DEBUG	Received DOM event "unload" for "about:blank"
1500314079947	Marionette	DEBUG	Received DOM event "DOMContentLoaded" for "http://radar.itjuzi.com/company"
1500314079957	Marionette	DEBUG	Received DOM event "pageshow" for "http://radar.itjuzi.com/company"
1500314082232	Marionette	INFO	Ceased listening
1500314169193	geckodriver	INFO	Listening on 127.0.0.1:63130
1500314170287	geckodriver::marionette	INFO	Starting browser /Applications/Firefox.app/Contents/MacOS/firefox-bin with args ["-marionette"]
1500314172376	Marionette	INFO	Ceased listening
1500314173223	Marionette	INFO	Listening on port 63140
1500314173350	Marionette	WARN	TLS certificate errors will be ignored for this session
1500314173671	Marionette	DEBUG	loaded listener.js
1500314173713	Marionette	DEBUG	Received DOM event "beforeunload" for "about:blank"
2017-07-17 13:56:13.805 plugin-container[58372:39996981] *** CFMessagePort: bootstrap_register(): failed 1100 (0x44c) 'Permission denied', port = 0x963f, name = 'com.apple.tsm.portname'
See /usr/include/servers/bootstrap_defs.h for the error codes.
2017-07-17 13:56:13.806 plugin-container[58372:39996981] *** CFMessagePort: bootstrap_register(): failed 1100 (0x44c) 'Permission denied', port = 0x9903, name = 'com.apple.CFPasteboardClient'
See /usr/include/servers/bootstrap_defs.h for the error codes.
1500314174606	Marionette	DEBUG	Received DOM event "pagehide" for "about:blank"
1500314174606	Marionette	DEBUG	Received DOM event "unload" for "about:blank"
1500314174613	Marionette	DEBUG	Received DOM event "DOMContentLoaded" for "http://radar.itjuzi.com/company"
1500314174617	Marionette	DEBUG	Received DOM event "pageshow" for "http://radar.itjuzi.com/company"
1500314270969	Marionette	INFO	Ceased listening
1500314273455	geckodriver	INFO	Listening on 127.0.0.1:63890
1500314274713	geckodriver::marionette	INFO	Starting browser /Applications/Firefox.app/Contents/MacOS/firefox-bin with args ["-marionette"]
1500314277504	Marionette	INFO	Listening on port 63899
1500314277580	Marionette	WARN	TLS certificate errors will be ignored for this session
1500314277837	Marionette	DEBUG	loaded listener.js
1500314277884	Marionette	DEBUG	Received DOM event "beforeunload" for "about:blank"
2017-07-17 13:57:57.958 plugin-container[58456:39998613] *** CFMessagePort: bootstrap_register(): failed 1100 (0x44c) 'Permission denied', port = 0x963b, name = 'com.apple.tsm.portname'
See /usr/include/servers/bootstrap_defs.h for the error codes.
2017-07-17 13:57:57.959 plugin-container[58456:39998613] *** CFMessagePort: bootstrap_register(): failed 1100 (0x44c) 'Permission denied', port = 0x9903, name = 'com.apple.CFPasteboardClient'
See /usr/include/servers/bootstrap_defs.h for the error codes.
1500314278649	Marionette	DEBUG	Received DOM event "pagehide" for "about:blank"
1500314278649	Marionette	DEBUG	Received DOM event "unload" for "about:blank"
1500314278659	Marionette	DEBUG	Received DOM event "DOMContentLoaded" for "http://radar.itjuzi.com/company"
1500314278664	Marionette	DEBUG	Received DOM event "pageshow" for "http://radar.itjuzi.com/company"
1500314420587	Marionette	INFO	Ceased listening
1500314427127	geckodriver	INFO	Listening on 127.0.0.1:64635
1500314428180	geckodriver::marionette	INFO	Starting browser /Applications/Firefox.app/Contents/MacOS/firefox-bin with args ["-marionette"]
1500314430165	Marionette	INFO	Listening on port 64644
1500314430297	Marionette	WARN	TLS certificate errors will be ignored for this session
1500314430512	Marionette	DEBUG	loaded listener.js
1500314430543	Marionette	DEBUG	Received DOM event "beforeunload" for "about:blank"
2017-07-17 14:00:30.599 plugin-container[58591:40000938] *** CFMessagePort: bootstrap_register(): failed 1100 (0x44c) 'Permission denied', port = 0x9637, name = 'com.apple.tsm.portname'
See /usr/include/servers/bootstrap_defs.h for the error codes.
2017-07-17 14:00:30.600 plugin-container[58591:40000938] *** CFMessagePort: bootstrap_register(): failed 1100 (0x44c) 'Permission denied', port = 0x9903, name = 'com.apple.CFPasteboardClient'
See /usr/include/servers/bootstrap_defs.h for the error codes.
1500314431517	Marionette	DEBUG	Received DOM event "pagehide" for "about:blank"
1500314431517	Marionette	DEBUG	Received DOM event "unload" for "about:blank"
1500314431523	Marionette	DEBUG	Received DOM event "DOMContentLoaded" for "http://radar.itjuzi.com/company"
1500314431526	Marionette	DEBUG	Received DOM event "pageshow" for "http://radar.itjuzi.com/company"
1500314521186	Marionette	INFO	Ceased listening
1500314522958	geckodriver	INFO	Listening on 127.0.0.1:64797
1500314524015	geckodriver::marionette	INFO	Starting browser /Applications/Firefox.app/Contents/MacOS/firefox-bin with args ["-marionette"]
1500314525909	Marionette	INFO	Listening on port 64806
1500314525998	Marionette	WARN	TLS certificate errors will be ignored for this session
1500314526177	Marionette	DEBUG	loaded listener.js
1500314526205	Marionette	DEBUG	Received DOM event "beforeunload" for "about:blank"
2017-07-17 14:02:06.260 plugin-container[58663:40001857] *** CFMessagePort: bootstrap_register(): failed 1100 (0x44c) 'Permission denied', port = 0x953b, name = 'com.apple.tsm.portname'
See /usr/include/servers/bootstrap_defs.h for the error codes.
2017-07-17 14:02:06.261 plugin-container[58663:40001857] *** CFMessagePort: bootstrap_register(): failed 1100 (0x44c) 'Permission denied', port = 0x9803, name = 'com.apple.CFPasteboardClient'
See /usr/include/servers/bootstrap_defs.h for the error codes.
1500314526731	Marionette	DEBUG	Received DOM event "pagehide" for "about:blank"
1500314526732	Marionette	DEBUG	Received DOM event "unload" for "about:blank"
1500314526737	Marionette	DEBUG	Received DOM event "DOMContentLoaded" for "http://radar.itjuzi.com/company"
1500314526741	Marionette	DEBUG	Received DOM event "pageshow" for "http://radar.itjuzi.com/company"
Warning: An attempt was made to write to the DEVTOOLS_COPY_UNIQUE_CSS_SELECTOR_OPENED_COUNT histogram, which is not defined in Histograms.json
Warning: An attempt was made to write to the DEVTOOLS_COPY_FULL_CSS_SELECTOR_OPENED_COUNT histogram, which is not defined in Histograms.json
1500314739683	Marionette	INFO	Ceased listening
1500314741559	geckodriver	INFO	Listening on 127.0.0.1:64970
1500314742612	geckodriver::marionette	INFO	Starting browser /Applications/Firefox.app/Contents/MacOS/firefox-bin with args ["-marionette"]
1500314744548	Marionette	INFO	Listening on port 64979
1500314744625	Marionette	WARN	TLS certificate errors will be ignored for this session
1500314744859	Marionette	DEBUG	loaded listener.js
1500314744888	Marionette	DEBUG	Received DOM event "beforeunload" for "about:blank"
2017-07-17 14:05:44.941 plugin-container[58837:40003578] *** CFMessagePort: bootstrap_register(): failed 1100 (0x44c) 'Permission denied', port = 0x953b, name = 'com.apple.tsm.portname'
See /usr/include/servers/bootstrap_defs.h for the error codes.
2017-07-17 14:05:44.942 plugin-container[58837:40003578] *** CFMessagePort: bootstrap_register(): failed 1100 (0x44c) 'Permission denied', port = 0x9803, name = 'com.apple.CFPasteboardClient'
See /usr/include/servers/bootstrap_defs.h for the error codes.
1500314745781	Marionette	DEBUG	Received DOM event "pagehide" for "about:blank"
1500314745781	Marionette	DEBUG	Received DOM event "unload" for "about:blank"
1500314745786	Marionette	DEBUG	Received DOM event "DOMContentLoaded" for "http://radar.itjuzi.com/company"
1500314745790	Marionette	DEBUG	Received DOM event "pageshow" for "http://radar.itjuzi.com/company"
1500314947764	Marionette	INFO	Ceased listening
1500314951088	geckodriver	INFO	Listening on 127.0.0.1:49499
1500314952145	geckodriver::marionette	INFO	Starting browser /Applications/Firefox.app/Contents/MacOS/firefox-bin with args ["-marionette"]
1500314954074	Marionette	INFO	Listening on port 49509
1500314954165	Marionette	WARN	TLS certificate errors will be ignored for this session
1500314954357	Marionette	DEBUG	loaded listener.js
1500314954386	Marionette	DEBUG	Received DOM event "beforeunload" for "about:blank"
2017-07-17 14:09:14.449 plugin-container[59000:40005511] *** CFMessagePort: bootstrap_register(): failed 1100 (0x44c) 'Permission denied', port = 0x963b, name = 'com.apple.tsm.portname'
See /usr/include/servers/bootstrap_defs.h for the error codes.
2017-07-17 14:09:14.450 plugin-container[59000:40005511] *** CFMessagePort: bootstrap_register(): failed 1100 (0x44c) 'Permission denied', port = 0x9903, name = 'com.apple.CFPasteboardClient'
See /usr/include/servers/bootstrap_defs.h for the error codes.
1500314955906	Marionette	DEBUG	Received DOM event "pagehide" for "about:blank"
1500314955907	Marionette	DEBUG	Received DOM event "unload" for "about:blank"
1500314955918	Marionette	DEBUG	Received DOM event "DOMContentLoaded" for "http://radar.itjuzi.com/company"
1500314955921	Marionette	DEBUG	Received DOM event "pageshow" for "http://radar.itjuzi.com/company"
2017-07-17 14:13:18.289 plugin-container[59187:40007967] *** CFMessagePort: bootstrap_register(): failed 1100 (0x44c) 'Permission denied', port = 0x963b, name = 'com.apple.tsm.portname'
See /usr/include/servers/bootstrap_defs.h for the error codes.
2017-07-17 14:13:18.290 plugin-container[59187:40007967] *** CFMessagePort: bootstrap_register(): failed 1100 (0x44c) 'Permission denied', port = 0x9903, name = 'com.apple.CFPasteboardClient'
See /usr/include/servers/bootstrap_defs.h for the error codes.
1500315200032	Marionette	INFO	Ceased listening
1500315309541	geckodriver	INFO	Listening on 127.0.0.1:51684
1500315310637	geckodriver::marionette	INFO	Starting browser /Applications/Firefox.app/Contents/MacOS/firefox-bin with args ["-marionette"]
1500315313043	Marionette	INFO	Listening on port 51694
1500315313117	Marionette	WARN	TLS certificate errors will be ignored for this session
1500315313391	Marionette	DEBUG	loaded listener.js
1500315313425	Marionette	DEBUG	Received DOM event "beforeunload" for "about:blank"
2017-07-17 14:15:13.491 plugin-container[59272:40009204] *** CFMessagePort: bootstrap_register(): failed 1100 (0x44c) 'Permission denied', port = 0x953b, name = 'com.apple.tsm.portname'
See /usr/include/servers/bootstrap_defs.h for the error codes.
2017-07-17 14:15:13.493 plugin-container[59272:40009204] *** CFMessagePort: bootstrap_register(): failed 1100 (0x44c) 'Permission denied', port = 0x9803, name = 'com.apple.CFPasteboardClient'
See /usr/include/servers/bootstrap_defs.h for the error codes.
1500315314343	Marionette	DEBUG	Received DOM event "pagehide" for "about:blank"
1500315314344	Marionette	DEBUG	Received DOM event "unload" for "about:blank"
1500315314352	Marionette	DEBUG	Received DOM event "DOMContentLoaded" for "http://radar.itjuzi.com/company"
1500315314356	Marionette	DEBUG	Received DOM event "pageshow" for "http://radar.itjuzi.com/company"
1500315621759	Marionette	INFO	Ceased listening
1500315624292	geckodriver	INFO	Listening on 127.0.0.1:52696
1500315625385	geckodriver::marionette	INFO	Starting browser /Applications/Firefox.app/Contents/MacOS/firefox-bin with args ["-marionette"]
1500315627503	Marionette	INFO	Listening on port 52705
1500315627634	Marionette	WARN	TLS certificate errors will be ignored for this session
1500315627828	Marionette	DEBUG	loaded listener.js
1500315627859	Marionette	DEBUG	Received DOM event "beforeunload" for "about:blank"
2017-07-17 14:20:27.925 plugin-container[59518:40011688] *** CFMessagePort: bootstrap_register(): failed 1100 (0x44c) 'Permission denied', port = 0x963b, name = 'com.apple.tsm.portname'
See /usr/include/servers/bootstrap_defs.h for the error codes.
2017-07-17 14:20:27.926 plugin-container[59518:40011688] *** CFMessagePort: bootstrap_register(): failed 1100 (0x44c) 'Permission denied', port = 0x9903, name = 'com.apple.CFPasteboardClient'
See /usr/include/servers/bootstrap_defs.h for the error codes.
1500315629057	Marionette	DEBUG	Received DOM event "pagehide" for "about:blank"
1500315629057	Marionette	DEBUG	Received DOM event "unload" for "about:blank"
1500315629062	Marionette	DEBUG	Received DOM event "DOMContentLoaded" for "http://radar.itjuzi.com/company"
1500315629066	Marionette	DEBUG	Received DOM event "pageshow" for "http://radar.itjuzi.com/company"
1500315856261	Marionette	INFO	Ceased listening
1500315858367	geckodriver	INFO	Listening on 127.0.0.1:53114
1500315859422	geckodriver::marionette	INFO	Starting browser /Applications/Firefox.app/Contents/MacOS/firefox-bin with args ["-marionette"]
1500315861618	Marionette	INFO	Listening on port 53126
1500315861722	Marionette	WARN	TLS certificate errors will be ignored for this session
1500315861970	Marionette	DEBUG	loaded listener.js
1500315862010	Marionette	DEBUG	Received DOM event "beforeunload" for "about:blank"
2017-07-17 14:24:22.090 plugin-container[59738:40014404] *** CFMessagePort: bootstrap_register(): failed 1100 (0x44c) 'Permission denied', port = 0x963b, name = 'com.apple.tsm.portname'
See /usr/include/servers/bootstrap_defs.h for the error codes.
2017-07-17 14:24:22.092 plugin-container[59738:40014404] *** CFMessagePort: bootstrap_register(): failed 1100 (0x44c) 'Permission denied', port = 0x9903, name = 'com.apple.CFPasteboardClient'
See /usr/include/servers/bootstrap_defs.h for the error codes.
1500315862684	Marionette	DEBUG	Received DOM event "pagehide" for "about:blank"
1500315862685	Marionette	DEBUG	Received DOM event "unload" for "about:blank"
1500315862693	Marionette	DEBUG	Received DOM event "DOMContentLoaded" for "http://radar.itjuzi.com/company"
1500315862698	Marionette	DEBUG	Received DOM event "pageshow" for "http://radar.itjuzi.com/company"
1500316027167	Marionette	INFO	Ceased listening
1500316029711	geckodriver	INFO	Listening on 127.0.0.1:54331
1500316030801	geckodriver::marionette	INFO	Starting browser /Applications/Firefox.app/Contents/MacOS/firefox-bin with args ["-marionette"]
1500316032850	Marionette	INFO	Listening on port 54341
1500316032929	Marionette	WARN	TLS certificate errors will be ignored for this session
1500316033181	Marionette	DEBUG	loaded listener.js
1500316033219	Marionette	DEBUG	Received DOM event "beforeunload" for "about:blank"
2017-07-17 14:27:13.282 plugin-container[59883:40015955] *** CFMessagePort: bootstrap_register(): failed 1100 (0x44c) 'Permission denied', port = 0x943b, name = 'com.apple.tsm.portname'
See /usr/include/servers/bootstrap_defs.h for the error codes.
2017-07-17 14:27:13.283 plugin-container[59883:40015955] *** CFMessagePort: bootstrap_register(): failed 1100 (0x44c) 'Permission denied', port = 0x9703, name = 'com.apple.CFPasteboardClient'
See /usr/include/servers/bootstrap_defs.h for the error codes.
1500316034134	Marionette	DEBUG	Received DOM event "pagehide" for "about:blank"
1500316034135	Marionette	DEBUG	Received DOM event "unload" for "about:blank"
1500316034143	Marionette	DEBUG	Received DOM event "DOMContentLoaded" for "http://radar.itjuzi.com/company"
1500316034149	Marionette	DEBUG	Received DOM event "pageshow" for "http://radar.itjuzi.com/company"
1500316100345	Marionette	INFO	Ceased listening
1500316102223	geckodriver	INFO	Listening on 127.0.0.1:54863
1500316103351	geckodriver::marionette	INFO	Starting browser /Applications/Firefox.app/Contents/MacOS/firefox-bin with args ["-marionette"]
1500316105697	Marionette	INFO	Listening on port 54879
1500316105780	Marionette	WARN	TLS certificate errors will be ignored for this session
1500316106044	Marionette	DEBUG	loaded listener.js
1500316106077	Marionette	DEBUG	Received DOM event "beforeunload" for "about:blank"
2017-07-17 14:28:26.143 plugin-container[59944:40016662] *** CFMessagePort: bootstrap_register(): failed 1100 (0x44c) 'Permission denied', port = 0x9437, name = 'com.apple.tsm.portname'
See /usr/include/servers/bootstrap_defs.h for the error codes.
2017-07-17 14:28:26.145 plugin-container[59944:40016662] *** CFMessagePort: bootstrap_register(): failed 1100 (0x44c) 'Permission denied', port = 0x9803, name = 'com.apple.CFPasteboardClient'
See /usr/include/servers/bootstrap_defs.h for the error codes.
1500316106808	Marionette	DEBUG	Received DOM event "pagehide" for "about:blank"
1500316106808	Marionette	DEBUG	Received DOM event "unload" for "about:blank"
1500316106814	Marionette	DEBUG	Received DOM event "DOMContentLoaded" for "http://radar.itjuzi.com/company"
1500316106819	Marionette	DEBUG	Received DOM event "pageshow" for "http://radar.itjuzi.com/company"
JavaScript error: resource://gre/modules/commonjs/toolkit/loader.js -> resource://devtools/server/actors/highlighters/box-model.js, line 403: TypeError: quads is undefined
*************************
A coding exception was thrown and uncaught in a Task.

Full message: TypeError: NetworkError when attempting to fetch resource.
Full stack: 
*************************
1500317030840	geckodriver	INFO	Listening on 127.0.0.1:59448
1500317032009	geckodriver::marionette	INFO	Starting browser /Applications/Firefox.app/Contents/MacOS/firefox-bin with args ["-marionette"]
1500317035207	Marionette	INFO	Ceased listening
1500317035274	Marionette	INFO	Listening on port 59459
1500317035418	Marionette	WARN	TLS certificate errors will be ignored for this session
1500317035821	Marionette	DEBUG	loaded listener.js
1500317035883	Marionette	DEBUG	Received DOM event "beforeunload" for "about:blank"
2017-07-17 14:43:56.002 plugin-container[60642:40025887] *** CFMessagePort: bootstrap_register(): failed 1100 (0x44c) 'Permission denied', port = 0x963f, name = 'com.apple.tsm.portname'
See /usr/include/servers/bootstrap_defs.h for the error codes.
2017-07-17 14:43:56.005 plugin-container[60642:40025887] *** CFMessagePort: bootstrap_register(): failed 1100 (0x44c) 'Permission denied', port = 0x9a03, name = 'com.apple.CFPasteboardClient'
See /usr/include/servers/bootstrap_defs.h for the error codes.
1500317036867	Marionette	DEBUG	Received DOM event "pagehide" for "about:blank"
1500317036868	Marionette	DEBUG	Received DOM event "unload" for "about:blank"
1500317036877	Marionette	DEBUG	Received DOM event "DOMContentLoaded" for "http://radar.itjuzi.com/company"
1500317036885	Marionette	DEBUG	Received DOM event "pageshow" for "http://radar.itjuzi.com/company"
1500317070122	Marionette	DEBUG	Canceled page load listener because no navigation has been detected
1500317070843	Marionette	DEBUG	Canceled page load listener because no navigation has been detected
1500317071410	Marionette	DEBUG	Canceled page load listener because no navigation has been detected
1500317071894	Marionette	DEBUG	Canceled page load listener because no navigation has been detected
1500317072381	Marionette	DEBUG	Canceled page load listener because no navigation has been detected
1500317072806	Marionette	DEBUG	Canceled page load listener because no navigation has been detected
1500317073355	Marionette	DEBUG	Canceled page load listener because no navigation has been detected
1500317073874	Marionette	DEBUG	Canceled page load listener because no navigation has been detected
1500317074324	Marionette	DEBUG	Canceled page load listener because no navigation has been detected
1500317074800	Marionette	DEBUG	Canceled page load listener because no navigation has been detected
1500317075206	Marionette	DEBUG	Canceled page load listener because no navigation has been detected
1500317075614	Marionette	DEBUG	Canceled page load listener because no navigation has been detected
1500317076098	Marionette	DEBUG	Canceled page load listener because no navigation has been detected
1500317076501	Marionette	DEBUG	Canceled page load listener because no navigation has been detected
1500317077729	Marionette	DEBUG	Canceled page load listener because no navigation has been detected
1500317078181	Marionette	DEBUG	Canceled page load listener because no navigation has been detected
1500317078836	Marionette	DEBUG	Canceled page load listener because no navigation has been detected
1500317079393	Marionette	DEBUG	Canceled page load listener because no navigation has been detected
1500317079819	Marionette	DEBUG	Canceled page load listener because no navigation has been detected
1500317080341	Marionette	DEBUG	Canceled page load listener because no navigation has been detected
1500317080759	Marionette	DEBUG	Canceled page load listener because no navigation has been detected
1500317081244	Marionette	DEBUG	Canceled page load listener because no navigation has been detected
1500317081631	Marionette	DEBUG	Canceled page load listener because no navigation has been detected
1500317082232	Marionette	DEBUG	Canceled page load listener because no navigation has been detected
1500317082661	Marionette	DEBUG	Canceled page load listener because no navigation has been detected
1500317083177	Marionette	DEBUG	Canceled page load listener because no navigation has been detected
1500317083727	Marionette	DEBUG	Canceled page load listener because no navigation has been detected
1500317084168	Marionette	DEBUG	Canceled page load listener because no navigation has been detected
1500317084708	Marionette	DEBUG	Canceled page load listener because no navigation has been detected
1500317085093	Marionette	DEBUG	Canceled page load listener because no navigation has been detected
1500317085468	Marionette	DEBUG	Canceled page load listener because no navigation has been detected
1500317085854	Marionette	DEBUG	Canceled page load listener because no navigation has been detected
1500317087083	Marionette	DEBUG	Canceled page load listener because no navigation has been detected
1500317087497	Marionette	DEBUG	Canceled page load listener because no navigation has been detected
1500317087909	Marionette	DEBUG	Canceled page load listener because no navigation has been detected
1500317088498	Marionette	DEBUG	Canceled page load listener because no navigation has been detected
1500317088997	Marionette	DEBUG	Canceled page load listener because no navigation has been detected
1500317089553	Marionette	DEBUG	Canceled page load listener because no navigation has been detected
1500317090053	Marionette	DEBUG	Canceled page load listener because no navigation has been detected
1500317090489	Marionette	DEBUG	Canceled page load listener because no navigation has been detected
1500317091048	Marionette	DEBUG	Canceled page load listener because no navigation has been detected
1500317091450	Marionette	DEBUG	Canceled page load listener because no navigation has been detected
1500317091843	Marionette	DEBUG	Canceled page load listener because no navigation has been detected
1500317092363	Marionette	DEBUG	Canceled page load listener because no navigation has been detected
1500317093311	Marionette	DEBUG	Canceled page load listener because no navigation has been detected
1500317093808	Marionette	DEBUG	Canceled page load listener because no navigation has been detected
1500317094337	Marionette	DEBUG	Canceled page load listener because no navigation has been detected
1500317094793	Marionette	DEBUG	Canceled page load listener because no navigation has been detected
1500317095340	Marionette	DEBUG	Canceled page load listener because no navigation has been detected
1500317095895	Marionette	DEBUG	Canceled page load listener because no navigation has been detected
1500317096281	Marionette	DEBUG	Canceled page load listener because no navigation has been detected
1500317096926	Marionette	DEBUG	Canceled page load listener because no navigation has been detected
1500317097453	Marionette	DEBUG	Canceled page load listener because no navigation has been detected
1500317097936	Marionette	DEBUG	Canceled page load listener because no navigation has been detected
1500317098462	Marionette	DEBUG	Canceled page load listener because no navigation has been detected
1500317099321	Marionette	DEBUG	Canceled page load listener because no navigation has been detected
1500317100115	Marionette	DEBUG	Canceled page load listener because no navigation has been detected
1500317100628	Marionette	DEBUG	Canceled page load listener because no navigation has been detected
1500317101030	Marionette	DEBUG	Canceled page load listener because no navigation has been detected
1500317101419	Marionette	DEBUG	Canceled page load listener because no navigation has been detected
1500317101794	Marionette	DEBUG	Canceled page load listener because no navigation has been detected
1500317102194	Marionette	DEBUG	Canceled page load listener because no navigation has been detected
1500317102590	Marionette	DEBUG	Canceled page load listener because no navigation has been detected
1500317102986	Marionette	DEBUG	Canceled page load listener because no navigation has been detected
1500317103364	Marionette	DEBUG	Canceled page load listener because no navigation has been detected
1500317103769	Marionette	DEBUG	Canceled page load listener because no navigation has been detected
1500317104215	Marionette	DEBUG	Canceled page load listener because no navigation has been detected
1500317104784	Marionette	DEBUG	Canceled page load listener because no navigation has been detected
1500317105400	Marionette	DEBUG	Canceled page load listener because no navigation has been detected
1500317105976	Marionette	DEBUG	Canceled page load listener because no navigation has been detected
1500317106491	Marionette	DEBUG	Canceled page load listener because no navigation has been detected
1500317106916	Marionette	DEBUG	Canceled page load listener because no navigation has been detected
1500317107538	Marionette	DEBUG	Canceled page load listener because no navigation has been detected
1500317107968	Marionette	DEBUG	Canceled page load listener because no navigation has been detected
1500317108433	Marionette	DEBUG	Canceled page load listener because no navigation has been detected
1500317108892	Marionette	DEBUG	Canceled page load listener because no navigation has been detected
1500317109342	Marionette	DEBUG	Canceled page load listener because no navigation has been detected
1500317109810	Marionette	DEBUG	Canceled page load listener because no navigation has been detected
1500317110283	Marionette	DEBUG	Canceled page load listener because no navigation has been detected
1500317110903	Marionette	DEBUG	Canceled page load listener because no navigation has been detected
1500317111346	Marionette	DEBUG	Canceled page load listener because no navigation has been detected
1500317111940	Marionette	DEBUG	Canceled page load listener because no navigation has been detected
1500317112360	Marionette	DEBUG	Canceled page load listener because no navigation has been detected
1500317112762	Marionette	DEBUG	Canceled page load listener because no navigation has been detected
1500317113197	Marionette	DEBUG	Canceled page load listener because no navigation has been detected
1500317113901	Marionette	DEBUG	Canceled page load listener because no navigation has been detected
1500317114614	Marionette	DEBUG	Canceled page load listener because no navigation has been detected
1500317115152	Marionette	DEBUG	Canceled page load listener because no navigation has been detected
1500317115570	Marionette	DEBUG	Canceled page load listener because no navigation has been detected
1500317115988	Marionette	DEBUG	Canceled page load listener because no navigation has been detected
1500317116418	Marionette	DEBUG	Canceled page load listener because no navigation has been detected
1500317117022	Marionette	DEBUG	Canceled page load listener because no navigation has been detected
1500317117503	Marionette	DEBUG	Canceled page load listener because no navigation has been detected
1500317117945	Marionette	DEBUG	Canceled page load listener because no navigation has been detected
1500317118375	Marionette	DEBUG	Canceled page load listener because no navigation has been detected
1500317118891	Marionette	DEBUG	Canceled page load listener because no navigation has been detected
1500317119628	Marionette	DEBUG	Canceled page load listener because no navigation has been detected
1500317120117	Marionette	DEBUG	Canceled page load listener because no navigation has been detected
1500317120528	Marionette	DEBUG	Canceled page load listener because no navigation has been detected
1500317120987	Marionette	DEBUG	Canceled page load listener because no navigation has been detected
1500317121454	Marionette	DEBUG	Canceled page load listener because no navigation has been detected
1500317121968	Marionette	DEBUG	Canceled page load listener because no navigation has been detected
1500317122387	Marionette	DEBUG	Canceled page load listener because no navigation has been detected
1500317122848	Marionette	DEBUG	Canceled page load listener because no navigation has been detected
1500317123773	Marionette	DEBUG	Canceled page load listener because no navigation has been detected
1500317124329	Marionette	DEBUG	Canceled page load listener because no navigation has been detected
1500317125046	Marionette	DEBUG	Canceled page load listener because no navigation has been detected
1500317125581	Marionette	DEBUG	Canceled page load listener because no navigation has been detected
1500317126053	Marionette	DEBUG	Canceled page load listener because no navigation has been detected
1500317126557	Marionette	DEBUG	Canceled page load listener because no navigation has been detected
1500317127019	Marionette	DEBUG	Canceled page load listener because no navigation has been detected
1500317127520	Marionette	DEBUG	Canceled page load listener because no navigation has been detected
1500317127968	Marionette	DEBUG	Canceled page load listener because no navigation has been detected
1500317128603	Marionette	DEBUG	Canceled page load listener because no navigation has been detected
1500317129190	Marionette	DEBUG	Canceled page load listener because no navigation has been detected
1500317129845	Marionette	DEBUG	Canceled page load listener because no navigation has been detected
1500317130625	Marionette	DEBUG	Canceled page load listener because no navigation has been detected
1500317131162	Marionette	DEBUG	Canceled page load listener because no navigation has been detected
1500317131740	Marionette	DEBUG	Canceled page load listener because no navigation has been detected
1500317132753	Marionette	DEBUG	Canceled page load listener because no navigation has been detected
1500317134086	Marionette	DEBUG	Canceled page load listener because no navigation has been detected
1500317134770	Marionette	DEBUG	Canceled page load listener because no navigation has been detected
1500317135305	Marionette	DEBUG	Canceled page load listener because no navigation has been detected
1500317136622	Marionette	DEBUG	Canceled page load listener because no navigation has been detected
1500317137424	Marionette	DEBUG	Canceled page load listener because no navigation has been detected
1500317138065	Marionette	DEBUG	Canceled page load listener because no navigation has been detected
1500317138877	Marionette	DEBUG	Canceled page load listener because no navigation has been detected
1500317139396	Marionette	DEBUG	Canceled page load listener because no navigation has been detected
1500317140344	Marionette	DEBUG	Canceled page load listener because no navigation has been detected
1500317141070	Marionette	DEBUG	Canceled page load listener because no navigation has been detected
1500317141580	Marionette	DEBUG	Canceled page load listener because no navigation has been detected
1500317142216	Marionette	DEBUG	Canceled page load listener because no navigation has been detected
1500317143093	Marionette	DEBUG	Canceled page load listener because no navigation has been detected
1500317143778	Marionette	DEBUG	Canceled page load listener because no navigation has been detected
1500317487013	geckodriver	INFO	Listening on 127.0.0.1:63437
1500317488100	geckodriver::marionette	INFO	Starting browser /Applications/Firefox.app/Contents/MacOS/firefox-bin with args ["-marionette"]
1500317490393	Marionette	INFO	Listening on port 63446
1500317490508	Marionette	WARN	TLS certificate errors will be ignored for this session
1500317490686	Marionette	DEBUG	loaded listener.js
1500317490726	Marionette	DEBUG	Received DOM event "beforeunload" for "about:blank"
2017-07-17 14:51:30.783 plugin-container[60992:40032169] *** CFMessagePort: bootstrap_register(): failed 1100 (0x44c) 'Permission denied', port = 0x963b, name = 'com.apple.tsm.portname'
See /usr/include/servers/bootstrap_defs.h for the error codes.
2017-07-17 14:51:30.784 plugin-container[60992:40032169] *** CFMessagePort: bootstrap_register(): failed 1100 (0x44c) 'Permission denied', port = 0x9903, name = 'com.apple.CFPasteboardClient'
See /usr/include/servers/bootstrap_defs.h for the error codes.
1500317491242	Marionette	DEBUG	Received DOM event "pagehide" for "about:blank"
1500317491243	Marionette	DEBUG	Received DOM event "unload" for "about:blank"
1500317491252	Marionette	DEBUG	Received DOM event "DOMContentLoaded" for "http://radar.itjuzi.com/company"
1500317491255	Marionette	DEBUG	Received DOM event "pageshow" for "http://radar.itjuzi.com/company"
1500317582256	geckodriver	INFO	Listening on 127.0.0.1:63675
1500317583331	geckodriver::marionette	INFO	Starting browser /Applications/Firefox.app/Contents/MacOS/firefox-bin with args ["-marionette"]
1500317585452	Marionette	INFO	Listening on port 63687
1500317585546	Marionette	WARN	TLS certificate errors will be ignored for this session
1500317585741	Marionette	DEBUG	loaded listener.js
1500317585772	Marionette	DEBUG	Received DOM event "beforeunload" for "about:blank"
2017-07-17 14:53:05.827 plugin-container[61079:40033598] *** CFMessagePort: bootstrap_register(): failed 1100 (0x44c) 'Permission denied', port = 0x963b, name = 'com.apple.tsm.portname'
See /usr/include/servers/bootstrap_defs.h for the error codes.
2017-07-17 14:53:05.828 plugin-container[61079:40033598] *** CFMessagePort: bootstrap_register(): failed 1100 (0x44c) 'Permission denied', port = 0x9903, name = 'com.apple.CFPasteboardClient'
See /usr/include/servers/bootstrap_defs.h for the error codes.
1500317586299	Marionette	DEBUG	Received DOM event "pagehide" for "about:blank"
1500317586299	Marionette	DEBUG	Received DOM event "unload" for "about:blank"
1500317586306	Marionette	DEBUG	Received DOM event "DOMContentLoaded" for "http://radar.itjuzi.com/company"
1500317586310	Marionette	DEBUG	Received DOM event "pageshow" for "http://radar.itjuzi.com/company"
1500317719100	geckodriver	INFO	Listening on 127.0.0.1:64537
1500317720220	geckodriver::marionette	INFO	Starting browser /Applications/Firefox.app/Contents/MacOS/firefox-bin with args ["-marionette"]
1500317722954	Marionette	INFO	Listening on port 64550
1500317723030	Marionette	WARN	TLS certificate errors will be ignored for this session
1500317723295	Marionette	DEBUG	loaded listener.js
1500317723333	Marionette	DEBUG	Received DOM event "beforeunload" for "about:blank"
2017-07-17 14:55:23.391 plugin-container[61304:40035637] *** CFMessagePort: bootstrap_register(): failed 1100 (0x44c) 'Permission denied', port = 0x963b, name = 'com.apple.tsm.portname'
See /usr/include/servers/bootstrap_defs.h for the error codes.
2017-07-17 14:55:23.392 plugin-container[61304:40035637] *** CFMessagePort: bootstrap_register(): failed 1100 (0x44c) 'Permission denied', port = 0x9903, name = 'com.apple.CFPasteboardClient'
See /usr/include/servers/bootstrap_defs.h for the error codes.
1500317723857	Marionette	DEBUG	Received DOM event "pagehide" for "about:blank"
1500317723858	Marionette	DEBUG	Received DOM event "unload" for "about:blank"
1500317723863	Marionette	DEBUG	Received DOM event "DOMContentLoaded" for "http://radar.itjuzi.com/company"
1500317723868	Marionette	DEBUG	Received DOM event "pageshow" for "http://radar.itjuzi.com/company"
1500317799086	Marionette	INFO	Ceased listening
1500317801230	geckodriver	INFO	Listening on 127.0.0.1:65233
1500317802317	geckodriver::marionette	INFO	Starting browser /Applications/Firefox.app/Contents/MacOS/firefox-bin with args ["-marionette"]
1500317804495	Marionette	INFO	Listening on port 65243
1500317804658	Marionette	WARN	TLS certificate errors will be ignored for this session
1500317804900	Marionette	DEBUG	loaded listener.js
1500317804934	Marionette	DEBUG	Received DOM event "beforeunload" for "about:blank"
2017-07-17 14:56:45.010 plugin-container[61369:40036537] *** CFMessagePort: bootstrap_register(): failed 1100 (0x44c) 'Permission denied', port = 0x963b, name = 'com.apple.tsm.portname'
See /usr/include/servers/bootstrap_defs.h for the error codes.
2017-07-17 14:56:45.012 plugin-container[61369:40036537] *** CFMessagePort: bootstrap_register(): failed 1100 (0x44c) 'Permission denied', port = 0x9a03, name = 'com.apple.CFPasteboardClient'
See /usr/include/servers/bootstrap_defs.h for the error codes.
1500317806016	Marionette	DEBUG	Received DOM event "pagehide" for "about:blank"
1500317806017	Marionette	DEBUG	Received DOM event "unload" for "about:blank"
1500317806028	Marionette	DEBUG	Received DOM event "DOMContentLoaded" for "http://radar.itjuzi.com/company"
1500317806033	Marionette	DEBUG	Received DOM event "pageshow" for "http://radar.itjuzi.com/company"
1500317923841	Marionette	INFO	Ceased listening
1500318098014	geckodriver	INFO	Listening on 127.0.0.1:50494
1500318099111	geckodriver::marionette	INFO	Starting browser /Applications/Firefox.app/Contents/MacOS/firefox-bin with args ["-marionette"]
1500318101437	Marionette	INFO	Listening on port 50524
1500318101526	Marionette	WARN	TLS certificate errors will be ignored for this session
1500318101740	Marionette	DEBUG	loaded listener.js
1500318101772	Marionette	DEBUG	Received DOM event "beforeunload" for "about:blank"
2017-07-17 15:01:41.845 plugin-container[61608:40040407] *** CFMessagePort: bootstrap_register(): failed 1100 (0x44c) 'Permission denied', port = 0x963b, name = 'com.apple.tsm.portname'
See /usr/include/servers/bootstrap_defs.h for the error codes.
2017-07-17 15:01:41.846 plugin-container[61608:40040407] *** CFMessagePort: bootstrap_register(): failed 1100 (0x44c) 'Permission denied', port = 0x9903, name = 'com.apple.CFPasteboardClient'
See /usr/include/servers/bootstrap_defs.h for the error codes.
1500318102969	Marionette	DEBUG	Received DOM event "pagehide" for "about:blank"
1500318102969	Marionette	DEBUG	Received DOM event "unload" for "about:blank"
1500318102977	Marionette	DEBUG	Received DOM event "DOMContentLoaded" for "http://radar.itjuzi.com/company"
1500318102984	Marionette	DEBUG	Received DOM event "pageshow" for "http://radar.itjuzi.com/company"
console.error: 
  Message: Error: Failed to fetch http://radar.itjuzi.com/static/dist/css/company_list_new.css.map. Code 2152398868.
  Stack:
    onResponse@resource://gre/modules/commonjs/toolkit/loader.js -> resource://devtools/shared/DevToolsUtils.js:442:23
onStopRequest@resource://gre/modules/NetUtil.jsm:128:17

onResponse@resource://gre/modules/commonjs/toolkit/loader.js -> resource://devtools/shared/DevToolsUtils.js:442:23
onStopRequest@resource://gre/modules/NetUtil.jsm:128:17
console.error: 
  Message: Error: Failed to fetch http://radar.itjuzi.com/static/library/bootstrap/bootstrap.min.css.map. Code 2152398868.
  Stack:
    onResponse@resource://gre/modules/commonjs/toolkit/loader.js -> resource://devtools/shared/DevToolsUtils.js:442:23
onStopRequest@resource://gre/modules/NetUtil.jsm:128:17

onResponse@resource://gre/modules/commonjs/toolkit/loader.js -> resource://devtools/shared/DevToolsUtils.js:442:23
onStopRequest@resource://gre/modules/NetUtil.jsm:128:17
console.error: 
  Protocol error (unknownError): Failed to fetch http://radar.itjuzi.com/static/dist/css/company_list_new.css.map. Code 2152398868.
console.error: 
  Protocol error (unknownError): Failed to fetch http://radar.itjuzi.com/static/library/bootstrap/bootstrap.min.css.map. Code 2152398868.
1500318602613	Marionette	INFO	Ceased listening
1500318718808	geckodriver	INFO	Listening on 127.0.0.1:53213
1500318719855	geckodriver::marionette	INFO	Starting browser /Applications/Firefox.app/Contents/MacOS/firefox-bin with args ["-marionette"]
1500318722373	Marionette	INFO	Listening on port 53227
1500318722488	Marionette	WARN	TLS certificate errors will be ignored for this session
1500318722721	Marionette	DEBUG	loaded listener.js
1500318722763	Marionette	DEBUG	Received DOM event "beforeunload" for "about:blank"
2017-07-17 15:12:02.850 plugin-container[62090:40045969] *** CFMessagePort: bootstrap_register(): failed 1100 (0x44c) 'Permission denied', port = 0x963b, name = 'com.apple.tsm.portname'
See /usr/include/servers/bootstrap_defs.h for the error codes.
2017-07-17 15:12:02.851 plugin-container[62090:40045969] *** CFMessagePort: bootstrap_register(): failed 1100 (0x44c) 'Permission denied', port = 0x9903, name = 'com.apple.CFPasteboardClient'
See /usr/include/servers/bootstrap_defs.h for the error codes.
1500318723515	Marionette	DEBUG	Received DOM event "pagehide" for "about:blank"
1500318723516	Marionette	DEBUG	Received DOM event "unload" for "about:blank"
1500318723525	Marionette	DEBUG	Received DOM event "DOMContentLoaded" for "http://radar.itjuzi.com/company"
1500318723534	Marionette	DEBUG	Received DOM event "pageshow" for "http://radar.itjuzi.com/company"
1500318782211	Marionette	INFO	Ceased listening
1500318841160	geckodriver	INFO	Listening on 127.0.0.1:54069
1500318842213	geckodriver::marionette	INFO	Starting browser /Applications/Firefox.app/Contents/MacOS/firefox-bin with args ["-marionette"]
1500318844136	Marionette	INFO	Listening on port 54080
1500318844229	Marionette	WARN	TLS certificate errors will be ignored for this session
1500318844413	Marionette	DEBUG	loaded listener.js
1500318844445	Marionette	DEBUG	Received DOM event "beforeunload" for "about:blank"
2017-07-17 15:14:04.518 plugin-container[62188:40047160] *** CFMessagePort: bootstrap_register(): failed 1100 (0x44c) 'Permission denied', port = 0x963b, name = 'com.apple.tsm.portname'
See /usr/include/servers/bootstrap_defs.h for the error codes.
2017-07-17 15:14:04.519 plugin-container[62188:40047160] *** CFMessagePort: bootstrap_register(): failed 1100 (0x44c) 'Permission denied', port = 0x9903, name = 'com.apple.CFPasteboardClient'
See /usr/include/servers/bootstrap_defs.h for the error codes.
1500318845194	Marionette	DEBUG	Received DOM event "pagehide" for "about:blank"
1500318845195	Marionette	DEBUG	Received DOM event "unload" for "about:blank"
1500318845203	Marionette	DEBUG	Received DOM event "DOMContentLoaded" for "http://radar.itjuzi.com/company"
1500318845206	Marionette	DEBUG	Received DOM event "pageshow" for "http://radar.itjuzi.com/company"
1500318920698	Marionette	INFO	Ceased listening
1500319020516	geckodriver	INFO	Listening on 127.0.0.1:55565
1500319021669	geckodriver::marionette	INFO	Starting browser /Applications/Firefox.app/Contents/MacOS/firefox-bin with args ["-marionette"]
1500319024551	Marionette	INFO	Listening on port 55577
1500319024637	Marionette	WARN	TLS certificate errors will be ignored for this session
1500319024990	Marionette	DEBUG	loaded listener.js
1500319025035	Marionette	DEBUG	Received DOM event "beforeunload" for "about:blank"
2017-07-17 15:17:05.136 plugin-container[62337:40048932] *** CFMessagePort: bootstrap_register(): failed 1100 (0x44c) 'Permission denied', port = 0x963b, name = 'com.apple.tsm.portname'
See /usr/include/servers/bootstrap_defs.h for the error codes.
2017-07-17 15:17:05.138 plugin-container[62337:40048932] *** CFMessagePort: bootstrap_register(): failed 1100 (0x44c) 'Permission denied', port = 0x9903, name = 'com.apple.CFPasteboardClient'
See /usr/include/servers/bootstrap_defs.h for the error codes.
1500319025964	Marionette	DEBUG	Received DOM event "pagehide" for "about:blank"
1500319025965	Marionette	DEBUG	Received DOM event "unload" for "about:blank"
1500319025976	Marionette	DEBUG	Received DOM event "DOMContentLoaded" for "http://radar.itjuzi.com/company"
1500319025981	Marionette	DEBUG	Received DOM event "pageshow" for "http://radar.itjuzi.com/company"
1500319076626	Marionette	DEBUG	Canceled page load listener because no navigation has been detected
1500319077032	Marionette	DEBUG	Canceled page load listener because no navigation has been detected
1500319077475	Marionette	DEBUG	Canceled page load listener because no navigation has been detected
1500319077919	Marionette	DEBUG	Canceled page load listener because no navigation has been detected
1500319078389	Marionette	DEBUG	Canceled page load listener because no navigation has been detected
1500319078825	Marionette	DEBUG	Canceled page load listener because no navigation has been detected
1500319079249	Marionette	DEBUG	Canceled page load listener because no navigation has been detected
1500319079637	Marionette	DEBUG	Canceled page load listener because no navigation has been detected
1500319080032	Marionette	DEBUG	Canceled page load listener because no navigation has been detected
1500319080421	Marionette	DEBUG	Canceled page load listener because no navigation has been detected
1500319080816	Marionette	DEBUG	Canceled page load listener because no navigation has been detected
1500319081199	Marionette	DEBUG	Canceled page load listener because no navigation has been detected
1500319081580	Marionette	DEBUG	Canceled page load listener because no navigation has been detected
1500319236959	geckodriver	INFO	Listening on 127.0.0.1:56273
1500319238015	geckodriver::marionette	INFO	Starting browser /Applications/Firefox.app/Contents/MacOS/firefox-bin with args ["-marionette"]
1500319240332	Marionette	INFO	Listening on port 56287
1500319240439	Marionette	WARN	TLS certificate errors will be ignored for this session
1500319240656	Marionette	DEBUG	loaded listener.js
1500319240691	Marionette	DEBUG	Received DOM event "beforeunload" for "about:blank"
2017-07-17 15:20:40.765 plugin-container[62512:40051651] *** CFMessagePort: bootstrap_register(): failed 1100 (0x44c) 'Permission denied', port = 0x963b, name = 'com.apple.tsm.portname'
See /usr/include/servers/bootstrap_defs.h for the error codes.
2017-07-17 15:20:40.766 plugin-container[62512:40051651] *** CFMessagePort: bootstrap_register(): failed 1100 (0x44c) 'Permission denied', port = 0x9903, name = 'com.apple.CFPasteboardClient'
See /usr/include/servers/bootstrap_defs.h for the error codes.
1500319241216	Marionette	DEBUG	Received DOM event "pagehide" for "about:blank"
1500319241217	Marionette	DEBUG	Received DOM event "unload" for "about:blank"
1500319241222	Marionette	DEBUG	Received DOM event "DOMContentLoaded" for "http://radar.itjuzi.com/company"
1500319241226	Marionette	DEBUG	Received DOM event "pageshow" for "http://radar.itjuzi.com/company"
1500319544678	geckodriver	INFO	Listening on 127.0.0.1:58694
1500319545882	geckodriver::marionette	INFO	Starting browser /Applications/Firefox.app/Contents/MacOS/firefox-bin with args ["-marionette"]
1500319548855	Marionette	INFO	Listening on port 58703
1500319548952	Marionette	WARN	TLS certificate errors will be ignored for this session
1500319549305	Marionette	DEBUG	loaded listener.js
1500319549359	Marionette	DEBUG	Received DOM event "beforeunload" for "about:blank"
2017-07-17 15:25:49.479 plugin-container[62746:40055134] *** CFMessagePort: bootstrap_register(): failed 1100 (0x44c) 'Permission denied', port = 0x963b, name = 'com.apple.tsm.portname'
See /usr/include/servers/bootstrap_defs.h for the error codes.
2017-07-17 15:25:49.481 plugin-container[62746:40055134] *** CFMessagePort: bootstrap_register(): failed 1100 (0x44c) 'Permission denied', port = 0x9903, name = 'com.apple.CFPasteboardClient'
See /usr/include/servers/bootstrap_defs.h for the error codes.
1500319550104	Marionette	DEBUG	Received DOM event "pagehide" for "about:blank"
1500319550105	Marionette	DEBUG	Received DOM event "unload" for "about:blank"
1500319550112	Marionette	DEBUG	Received DOM event "DOMContentLoaded" for "http://radar.itjuzi.com/company"
1500319550117	Marionette	DEBUG	Received DOM event "pageshow" for "http://radar.itjuzi.com/company"
1500319662011	Marionette	INFO	Ceased listening
1500319664712	geckodriver	INFO	Listening on 127.0.0.1:59140
1500319665818	geckodriver::marionette	INFO	Starting browser /Applications/Firefox.app/Contents/MacOS/firefox-bin with args ["-marionette"]
1500319667861	Marionette	INFO	Listening on port 59149
1500319667929	Marionette	WARN	TLS certificate errors will be ignored for this session
1500319668142	Marionette	DEBUG	loaded listener.js
1500319668174	Marionette	DEBUG	Received DOM event "beforeunload" for "about:blank"
2017-07-17 15:27:48.242 plugin-container[62845:40057544] *** CFMessagePort: bootstrap_register(): failed 1100 (0x44c) 'Permission denied', port = 0x962f, name = 'com.apple.tsm.portname'
See /usr/include/servers/bootstrap_defs.h for the error codes.
2017-07-17 15:27:48.245 plugin-container[62845:40057544] *** CFMessagePort: bootstrap_register(): failed 1100 (0x44c) 'Permission denied', port = 0x9903, name = 'com.apple.CFPasteboardClient'
See /usr/include/servers/bootstrap_defs.h for the error codes.
1500319668735	Marionette	DEBUG	Received DOM event "pagehide" for "about:blank"
1500319668736	Marionette	DEBUG	Received DOM event "unload" for "about:blank"
1500319668741	Marionette	DEBUG	Received DOM event "DOMContentLoaded" for "http://radar.itjuzi.com/company"
1500319668748	Marionette	DEBUG	Received DOM event "pageshow" for "http://radar.itjuzi.com/company"
1500319792358	Marionette	INFO	Ceased listening
1500320177796	geckodriver	INFO	Listening on 127.0.0.1:59875
1500320178856	geckodriver::marionette	INFO	Starting browser /Applications/Firefox.app/Contents/MacOS/firefox-bin with args ["-marionette"]
1500320180986	Marionette	INFO	Listening on port 59890
1500320181062	Marionette	WARN	TLS certificate errors will be ignored for this session
1500320181355	Marionette	DEBUG	loaded listener.js
1500320181391	Marionette	DEBUG	Received DOM event "beforeunload" for "about:blank"
2017-07-17 15:36:21.473 plugin-container[63232:40061971] *** CFMessagePort: bootstrap_register(): failed 1100 (0x44c) 'Permission denied', port = 0x963b, name = 'com.apple.tsm.portname'
See /usr/include/servers/bootstrap_defs.h for the error codes.
2017-07-17 15:36:21.475 plugin-container[63232:40061971] *** CFMessagePort: bootstrap_register(): failed 1100 (0x44c) 'Permission denied', port = 0x9903, name = 'com.apple.CFPasteboardClient'
See /usr/include/servers/bootstrap_defs.h for the error codes.
1500320182147	Marionette	DEBUG	Received DOM event "pagehide" for "about:blank"
1500320182148	Marionette	DEBUG	Received DOM event "unload" for "about:blank"
1500320182156	Marionette	DEBUG	Received DOM event "DOMContentLoaded" for "http://radar.itjuzi.com/company"
1500320182163	Marionette	DEBUG	Received DOM event "pageshow" for "http://radar.itjuzi.com/company"
1500320758433	geckodriver	INFO	Listening on 127.0.0.1:64650
1500320759612	geckodriver::marionette	INFO	Starting browser /Applications/Firefox.app/Contents/MacOS/firefox-bin with args ["-marionette"]
1500320763893	Marionette	INFO	Listening on port 64662
1500320764007	Marionette	WARN	TLS certificate errors will be ignored for this session
1500320764430	Marionette	DEBUG	loaded listener.js
1500320764478	Marionette	DEBUG	Received DOM event "beforeunload" for "about:blank"
2017-07-17 15:46:04.590 plugin-container[63656:40067157] *** CFMessagePort: bootstrap_register(): failed 1100 (0x44c) 'Permission denied', port = 0x943b, name = 'com.apple.tsm.portname'
See /usr/include/servers/bootstrap_defs.h for the error codes.
2017-07-17 15:46:04.593 plugin-container[63656:40067157] *** CFMessagePort: bootstrap_register(): failed 1100 (0x44c) 'Permission denied', port = 0x9703, name = 'com.apple.CFPasteboardClient'
See /usr/include/servers/bootstrap_defs.h for the error codes.
1500320765288	Marionette	DEBUG	Received DOM event "pagehide" for "about:blank"
1500320765288	Marionette	DEBUG	Received DOM event "unload" for "about:blank"
1500320765300	Marionette	DEBUG	Received DOM event "DOMContentLoaded" for "http://radar.itjuzi.com/company"
1500320765308	Marionette	DEBUG	Received DOM event "pageshow" for "http://radar.itjuzi.com/company"
1500320922152	Marionette	INFO	Ceased listening
1500320924133	geckodriver	INFO	Listening on 127.0.0.1:49539
1500320925291	geckodriver::marionette	INFO	Starting browser /Applications/Firefox.app/Contents/MacOS/firefox-bin with args ["-marionette"]
1500320928096	Marionette	INFO	Listening on port 49548
1500320928194	Marionette	WARN	TLS certificate errors will be ignored for this session
1500320928513	Marionette	DEBUG	loaded listener.js
1500320928557	Marionette	DEBUG	Received DOM event "beforeunload" for "about:blank"
2017-07-17 15:48:48.675 plugin-container[63787:40069854] *** CFMessagePort: bootstrap_register(): failed 1100 (0x44c) 'Permission denied', port = 0x9633, name = 'com.apple.tsm.portname'
See /usr/include/servers/bootstrap_defs.h for the error codes.
2017-07-17 15:48:48.677 plugin-container[63787:40069854] *** CFMessagePort: bootstrap_register(): failed 1100 (0x44c) 'Permission denied', port = 0x9903, name = 'com.apple.CFPasteboardClient'
See /usr/include/servers/bootstrap_defs.h for the error codes.
1500320929090	Marionette	DEBUG	Received DOM event "pagehide" for "about:blank"
1500320929090	Marionette	DEBUG	Received DOM event "unload" for "about:blank"
1500320929103	Marionette	DEBUG	Received DOM event "DOMContentLoaded" for "http://radar.itjuzi.com/company"
1500320929108	Marionette	DEBUG	Received DOM event "pageshow" for "http://radar.itjuzi.com/company"
1500320984480	Marionette	INFO	Ceased listening
1500320986351	geckodriver	INFO	Listening on 127.0.0.1:49841
1500320987485	geckodriver::marionette	INFO	Starting browser /Applications/Firefox.app/Contents/MacOS/firefox-bin with args ["-marionette"]
1500320990136	Marionette	INFO	Listening on port 49868
1500320990232	Marionette	WARN	TLS certificate errors will be ignored for this session
1500320990444	Marionette	DEBUG	loaded listener.js
1500320990473	Marionette	DEBUG	Received DOM event "beforeunload" for "about:blank"
2017-07-17 15:49:50.567 plugin-container[63844:40070547] *** CFMessagePort: bootstrap_register(): failed 1100 (0x44c) 'Permission denied', port = 0x963b, name = 'com.apple.tsm.portname'
See /usr/include/servers/bootstrap_defs.h for the error codes.
2017-07-17 15:49:50.568 plugin-container[63844:40070547] *** CFMessagePort: bootstrap_register(): failed 1100 (0x44c) 'Permission denied', port = 0x9903, name = 'com.apple.CFPasteboardClient'
See /usr/include/servers/bootstrap_defs.h for the error codes.
1500320991335	Marionette	DEBUG	Received DOM event "pagehide" for "about:blank"
1500320991335	Marionette	DEBUG	Received DOM event "unload" for "about:blank"
1500320991341	Marionette	DEBUG	Received DOM event "DOMContentLoaded" for "http://radar.itjuzi.com/company"
1500320991346	Marionette	DEBUG	Received DOM event "pageshow" for "http://radar.itjuzi.com/company"
1500321174626	geckodriver	INFO	Listening on 127.0.0.1:51025
1500321175748	geckodriver::marionette	INFO	Starting browser /Applications/Firefox.app/Contents/MacOS/firefox-bin with args ["-marionette"]
1500321178584	Marionette	INFO	Listening on port 51036
1500321178731	Marionette	WARN	TLS certificate errors will be ignored for this session
1500321178927	Marionette	DEBUG	loaded listener.js
1500321178978	Marionette	DEBUG	Received DOM event "beforeunload" for "about:blank"
2017-07-17 15:52:59.083 plugin-container[64003:40072139] *** CFMessagePort: bootstrap_register(): failed 1100 (0x44c) 'Permission denied', port = 0x963b, name = 'com.apple.tsm.portname'
See /usr/include/servers/bootstrap_defs.h for the error codes.
2017-07-17 15:52:59.084 plugin-container[64003:40072139] *** CFMessagePort: bootstrap_register(): failed 1100 (0x44c) 'Permission denied', port = 0x9a03, name = 'com.apple.CFPasteboardClient'
See /usr/include/servers/bootstrap_defs.h for the error codes.
1500321180155	Marionette	DEBUG	Received DOM event "pagehide" for "about:blank"
1500321180155	Marionette	DEBUG	Received DOM event "unload" for "about:blank"
1500321180163	Marionette	DEBUG	Received DOM event "DOMContentLoaded" for "http://radar.itjuzi.com/company"
1500321180172	Marionette	DEBUG	Received DOM event "pageshow" for "http://radar.itjuzi.com/company"
1500321181735	Marionette	INFO	Ceased listening
1500321320134	Marionette	INFO	Ceased listening
1500321322700	geckodriver	INFO	Listening on 127.0.0.1:51585
1500321323926	geckodriver::marionette	INFO	Starting browser /Applications/Firefox.app/Contents/MacOS/firefox-bin with args ["-marionette"]
1500321327098	Marionette	INFO	Listening on port 51603
1500321327215	Marionette	WARN	TLS certificate errors will be ignored for this session
1500321327494	Marionette	DEBUG	loaded listener.js
1500321327543	Marionette	DEBUG	Received DOM event "beforeunload" for "about:blank"
2017-07-17 15:55:27.616 plugin-container[64167:40074764] *** CFMessagePort: bootstrap_register(): failed 1100 (0x44c) 'Permission denied', port = 0x962f, name = 'com.apple.tsm.portname'
See /usr/include/servers/bootstrap_defs.h for the error codes.
2017-07-17 15:55:27.618 plugin-container[64167:40074764] *** CFMessagePort: bootstrap_register(): failed 1100 (0x44c) 'Permission denied', port = 0x9a03, name = 'com.apple.CFPasteboardClient'
See /usr/include/servers/bootstrap_defs.h for the error codes.
1500321328108	Marionette	DEBUG	Received DOM event "pagehide" for "about:blank"
1500321328108	Marionette	DEBUG	Received DOM event "unload" for "about:blank"
1500321328117	Marionette	DEBUG	Received DOM event "DOMContentLoaded" for "http://radar.itjuzi.com/company"
1500321328120	Marionette	DEBUG	Received DOM event "pageshow" for "http://radar.itjuzi.com/company"
1500321461877	Marionette	INFO	Ceased listening
1500321463437	geckodriver	INFO	Listening on 127.0.0.1:52292
1500321464581	geckodriver::marionette	INFO	Starting browser /Applications/Firefox.app/Contents/MacOS/firefox-bin with args ["-marionette"]
1500321467325	Marionette	INFO	Listening on port 52309
1500321467446	Marionette	WARN	TLS certificate errors will be ignored for this session
1500321467705	Marionette	DEBUG	loaded listener.js
1500321467743	Marionette	DEBUG	Received DOM event "beforeunload" for "about:blank"
2017-07-17 15:57:47.869 plugin-container[64351:40077573] *** CFMessagePort: bootstrap_register(): failed 1100 (0x44c) 'Permission denied', port = 0x963b, name = 'com.apple.tsm.portname'
See /usr/include/servers/bootstrap_defs.h for the error codes.
2017-07-17 15:57:47.869 plugin-container[64351:40077573] *** CFMessagePort: bootstrap_register(): failed 1100 (0x44c) 'Permission denied', port = 0x9a03, name = 'com.apple.CFPasteboardClient'
See /usr/include/servers/bootstrap_defs.h for the error codes.
1500321468517	Marionette	DEBUG	Received DOM event "pagehide" for "about:blank"
1500321468517	Marionette	DEBUG	Received DOM event "unload" for "about:blank"
1500321468523	Marionette	DEBUG	Received DOM event "DOMContentLoaded" for "http://radar.itjuzi.com/company"
1500321468528	Marionette	DEBUG	Received DOM event "pageshow" for "http://radar.itjuzi.com/company"
1500321527655	addons.productaddons	WARN	Failed downloading XML, status: 0, reason: error
[Child 64351] WARNING: pipe error: Broken pipe: file /builds/slave/m-rel-m64-00000000000000000000/build/src/ipc/chromium/src/chrome/common/ipc_channel_posix.cc, line 702
[Child 64351] WARNING: pipe error: Broken pipe: file /builds/slave/m-rel-m64-00000000000000000000/build/src/ipc/chromium/src/chrome/common/ipc_channel_posix.cc, line 702
1500321528063	Marionette	INFO	Ceased listening
1500321530150	geckodriver	INFO	Listening on 127.0.0.1:52805
1500321531347	geckodriver::marionette	INFO	Starting browser /Applications/Firefox.app/Contents/MacOS/firefox-bin with args ["-marionette"]
1500321534347	Marionette	INFO	Listening on port 52814
1500321534431	Marionette	WARN	TLS certificate errors will be ignored for this session
1500321534727	Marionette	DEBUG	loaded listener.js
1500321534778	Marionette	DEBUG	Received DOM event "beforeunload" for "about:blank"
2017-07-17 15:58:54.850 plugin-container[64434:40078966] *** CFMessagePort: bootstrap_register(): failed 1100 (0x44c) 'Permission denied', port = 0x943b, name = 'com.apple.tsm.portname'
See /usr/include/servers/bootstrap_defs.h for the error codes.
2017-07-17 15:58:54.852 plugin-container[64434:40078966] *** CFMessagePort: bootstrap_register(): failed 1100 (0x44c) 'Permission denied', port = 0x9803, name = 'com.apple.CFPasteboardClient'
See /usr/include/servers/bootstrap_defs.h for the error codes.
1500321538079	Marionette	DEBUG	Received DOM event "beforeunload" for "about:blank"
1500321538081	Marionette	DEBUG	Received DOM event "pagehide" for "about:blank"
1500321538081	Marionette	DEBUG	Received DOM event "unload" for "about:blank"
1500321538184	Marionette	DEBUG	Received DOM event "DOMContentLoaded" for "about:neterror?e=netReset&u=http%3A//radar.itjuzi.com/company&c=UTF-8&f=regular&d=The%20connection%20to%20the%20server%20was%20reset%20while%20the%20page%20was%20loading."
1500321545494	geckodriver	INFO	Listening on 127.0.0.1:52904
1500321546813	geckodriver::marionette	INFO	Starting browser /Applications/Firefox.app/Contents/MacOS/firefox-bin with args ["-marionette"]
1500321550554	Marionette	INFO	Ceased listening
1500321551422	Marionette	INFO	Listening on port 52914
1500321551562	Marionette	WARN	TLS certificate errors will be ignored for this session
1500321551879	Marionette	DEBUG	loaded listener.js
1500321551988	Marionette	DEBUG	Received DOM event "beforeunload" for "about:blank"
2017-07-17 15:59:12.034 plugin-container[64471:40079637] *** CFMessagePort: bootstrap_register(): failed 1100 (0x44c) 'Permission denied', port = 0x963b, name = 'com.apple.tsm.portname'
See /usr/include/servers/bootstrap_defs.h for the error codes.
2017-07-17 15:59:12.035 plugin-container[64471:40079637] *** CFMessagePort: bootstrap_register(): failed 1100 (0x44c) 'Permission denied', port = 0x9a03, name = 'com.apple.CFPasteboardClient'
See /usr/include/servers/bootstrap_defs.h for the error codes.
1500321552513	Marionette	DEBUG	Received DOM event "pagehide" for "about:blank"
1500321552513	Marionette	DEBUG	Received DOM event "unload" for "about:blank"
1500321552523	Marionette	DEBUG	Received DOM event "DOMContentLoaded" for "http://radar.itjuzi.com/company"
1500321552527	Marionette	DEBUG	Received DOM event "pageshow" for "http://radar.itjuzi.com/company"
1500321660736	Marionette	INFO	Ceased listening
1500321683008	geckodriver	INFO	Listening on 127.0.0.1:53767
1500321684871	geckodriver::marionette	INFO	Starting browser /Applications/Firefox.app/Contents/MacOS/firefox-bin with args ["-marionette"]
1500321689357	Marionette	INFO	Listening on port 53776
1500321689622	Marionette	WARN	TLS certificate errors will be ignored for this session
1500321690018	Marionette	DEBUG	loaded listener.js
1500321690067	Marionette	DEBUG	Received DOM event "beforeunload" for "about:blank"
2017-07-17 16:01:30.177 plugin-container[64622:40081623] *** CFMessagePort: bootstrap_register(): failed 1100 (0x44c) 'Permission denied', port = 0x963b, name = 'com.apple.tsm.portname'
See /usr/include/servers/bootstrap_defs.h for the error codes.
2017-07-17 16:01:30.181 plugin-container[64622:40081623] *** CFMessagePort: bootstrap_register(): failed 1100 (0x44c) 'Permission denied', port = 0x9a03, name = 'com.apple.CFPasteboardClient'
See /usr/include/servers/bootstrap_defs.h for the error codes.
1500321690817	Marionette	DEBUG	Received DOM event "pagehide" for "about:blank"
1500321690818	Marionette	DEBUG	Received DOM event "unload" for "about:blank"
1500321690825	Marionette	DEBUG	Received DOM event "DOMContentLoaded" for "http://radar.itjuzi.com/company"
1500321690830	Marionette	DEBUG	Received DOM event "pageshow" for "http://radar.itjuzi.com/company"
1500321763284	Marionette	INFO	Ceased listening
1500321765276	geckodriver	INFO	Listening on 127.0.0.1:54345
1500321766396	geckodriver::marionette	INFO	Starting browser /Applications/Firefox.app/Contents/MacOS/firefox-bin with args ["-marionette"]
1500321768932	Marionette	INFO	Listening on port 54358
1500321769046	Marionette	WARN	TLS certificate errors will be ignored for this session
1500321769281	Marionette	DEBUG	loaded listener.js
1500321769317	Marionette	DEBUG	Received DOM event "beforeunload" for "about:blank"
2017-07-17 16:02:49.402 plugin-container[64703:40082895] *** CFMessagePort: bootstrap_register(): failed 1100 (0x44c) 'Permission denied', port = 0x953b, name = 'com.apple.tsm.portname'
See /usr/include/servers/bootstrap_defs.h for the error codes.
2017-07-17 16:02:49.403 plugin-container[64703:40082895] *** CFMessagePort: bootstrap_register(): failed 1100 (0x44c) 'Permission denied', port = 0x9803, name = 'com.apple.CFPasteboardClient'
See /usr/include/servers/bootstrap_defs.h for the error codes.
1500321770156	Marionette	DEBUG	Received DOM event "pagehide" for "about:blank"
1500321770157	Marionette	DEBUG	Received DOM event "unload" for "about:blank"
1500321770168	Marionette	DEBUG	Received DOM event "DOMContentLoaded" for "http://radar.itjuzi.com/company"
1500321770176	Marionette	DEBUG	Received DOM event "pageshow" for "http://radar.itjuzi.com/company"
1500321831135	geckodriver	INFO	Listening on 127.0.0.1:54702
1500321832279	geckodriver::marionette	INFO	Starting browser /Applications/Firefox.app/Contents/MacOS/firefox-bin with args ["-marionette"]
1500321835150	Marionette	INFO	Listening on port 54711
1500321835264	Marionette	WARN	TLS certificate errors will be ignored for this session
1500321835603	Marionette	DEBUG	loaded listener.js
1500321835660	Marionette	DEBUG	Received DOM event "beforeunload" for "about:blank"
2017-07-17 16:03:55.768 plugin-container[64782:40083949] *** CFMessagePort: bootstrap_register(): failed 1100 (0x44c) 'Permission denied', port = 0x963b, name = 'com.apple.tsm.portname'
See /usr/include/servers/bootstrap_defs.h for the error codes.
2017-07-17 16:03:55.771 plugin-container[64782:40083949] *** CFMessagePort: bootstrap_register(): failed 1100 (0x44c) 'Permission denied', port = 0x9a03, name = 'com.apple.CFPasteboardClient'
See /usr/include/servers/bootstrap_defs.h for the error codes.
1500321882424	Marionette	DEBUG	Received DOM event "beforeunload" for "about:blank"
1500321882617	Marionette	DEBUG	Received DOM event "pagehide" for "about:blank"
1500321882618	Marionette	DEBUG	Received DOM event "unload" for "about:blank"
1500321882623	Marionette	DEBUG	Received observer notification "outer-window-destroyed" for "2147483649"
1500322063749	geckodriver	INFO	Listening on 127.0.0.1:55599
1500322064910	geckodriver::marionette	INFO	Starting browser /Applications/Firefox.app/Contents/MacOS/firefox-bin with args ["-marionette"]
1500322068643	Marionette	INFO	Listening on port 55611
1500322068758	Marionette	WARN	TLS certificate errors will be ignored for this session
1500322069095	Marionette	DEBUG	loaded listener.js
1500322069131	Marionette	DEBUG	Received DOM event "beforeunload" for "about:blank"
2017-07-17 16:07:49.206 plugin-container[65125:40088920] *** CFMessagePort: bootstrap_register(): failed 1100 (0x44c) 'Permission denied', port = 0x963b, name = 'com.apple.tsm.portname'
See /usr/include/servers/bootstrap_defs.h for the error codes.
2017-07-17 16:07:49.208 plugin-container[65125:40088920] *** CFMessagePort: bootstrap_register(): failed 1100 (0x44c) 'Permission denied', port = 0x9a03, name = 'com.apple.CFPasteboardClient'
See /usr/include/servers/bootstrap_defs.h for the error codes.
1500322070234	Marionette	DEBUG	Received DOM event "pagehide" for "about:blank"
1500322070234	Marionette	DEBUG	Received DOM event "unload" for "about:blank"
1500322070244	Marionette	DEBUG	Received DOM event "DOMContentLoaded" for "http://radar.itjuzi.com/company"
1500322070252	Marionette	DEBUG	Received DOM event "pageshow" for "http://radar.itjuzi.com/company"
1500322133510	Marionette	INFO	Ceased listening
1500322137202	geckodriver	INFO	Listening on 127.0.0.1:55986
1500322138467	geckodriver::marionette	INFO	Starting browser /Applications/Firefox.app/Contents/MacOS/firefox-bin with args ["-marionette"]
1500322142096	Marionette	INFO	Listening on port 55995
1500322142264	Marionette	WARN	TLS certificate errors will be ignored for this session
1500322142631	Marionette	DEBUG	loaded listener.js
1500322142681	Marionette	DEBUG	Received DOM event "beforeunload" for "about:blank"
2017-07-17 16:09:02.801 plugin-container[65262:40091067] *** CFMessagePort: bootstrap_register(): failed 1100 (0x44c) 'Permission denied', port = 0x943b, name = 'com.apple.tsm.portname'
See /usr/include/servers/bootstrap_defs.h for the error codes.
2017-07-17 16:09:02.805 plugin-container[65262:40091067] *** CFMessagePort: bootstrap_register(): failed 1100 (0x44c) 'Permission denied', port = 0x9803, name = 'com.apple.CFPasteboardClient'
See /usr/include/servers/bootstrap_defs.h for the error codes.
1500322143277	Marionette	DEBUG	Received DOM event "pagehide" for "about:blank"
1500322143277	Marionette	DEBUG	Received DOM event "unload" for "about:blank"
1500322143284	Marionette	DEBUG	Received DOM event "DOMContentLoaded" for "http://radar.itjuzi.com/company"
1500322143290	Marionette	DEBUG	Received DOM event "pageshow" for "http://radar.itjuzi.com/company"
1500322421241	Marionette	INFO	Ceased listening
1500322443086	geckodriver	INFO	Listening on 127.0.0.1:57253
1500322444246	geckodriver::marionette	INFO	Starting browser /Applications/Firefox.app/Contents/MacOS/firefox-bin with args ["-marionette"]
1500322447538	Marionette	INFO	Listening on port 57264
1500322447650	Marionette	WARN	TLS certificate errors will be ignored for this session
1500322448048	Marionette	DEBUG	loaded listener.js
1500322448087	Marionette	DEBUG	Received DOM event "beforeunload" for "about:blank"
2017-07-17 16:14:08.197 plugin-container[65613:40096924] *** CFMessagePort: bootstrap_register(): failed 1100 (0x44c) 'Permission denied', port = 0x9637, name = 'com.apple.tsm.portname'
See /usr/include/servers/bootstrap_defs.h for the error codes.
2017-07-17 16:14:08.197 plugin-container[65613:40096924] *** CFMessagePort: bootstrap_register(): failed 1100 (0x44c) 'Permission denied', port = 0x9a03, name = 'com.apple.CFPasteboardClient'
See /usr/include/servers/bootstrap_defs.h for the error codes.
1500322449066	Marionette	DEBUG	Received DOM event "pagehide" for "about:blank"
1500322449067	Marionette	DEBUG	Received DOM event "unload" for "about:blank"
1500322449079	Marionette	DEBUG	Received DOM event "DOMContentLoaded" for "http://radar.itjuzi.com/company"
1500322449085	Marionette	DEBUG	Received DOM event "pageshow" for "http://radar.itjuzi.com/company"
1500322548656	Marionette	INFO	Ceased listening
1500322550962	geckodriver	INFO	Listening on 127.0.0.1:57960
1500322552161	geckodriver::marionette	INFO	Starting browser /Applications/Firefox.app/Contents/MacOS/firefox-bin with args ["-marionette"]
1500322555323	Marionette	INFO	Listening on port 57970
1500322555519	Marionette	WARN	TLS certificate errors will be ignored for this session
1500322555902	Marionette	DEBUG	loaded listener.js
1500322555949	Marionette	DEBUG	Received DOM event "beforeunload" for "about:blank"
2017-07-17 16:15:56.045 plugin-container[65793:40099634] *** CFMessagePort: bootstrap_register(): failed 1100 (0x44c) 'Permission denied', port = 0x9437, name = 'com.apple.tsm.portname'
See /usr/include/servers/bootstrap_defs.h for the error codes.
2017-07-17 16:15:56.047 plugin-container[65793:40099634] *** CFMessagePort: bootstrap_register(): failed 1100 (0x44c) 'Permission denied', port = 0x9803, name = 'com.apple.CFPasteboardClient'
See /usr/include/servers/bootstrap_defs.h for the error codes.
1500322556512	Marionette	DEBUG	Received DOM event "pagehide" for "about:blank"
1500322556513	Marionette	DEBUG	Received DOM event "unload" for "about:blank"
1500322556523	Marionette	DEBUG	Received DOM event "DOMContentLoaded" for "http://radar.itjuzi.com/company"
1500322556536	Marionette	DEBUG	Received DOM event "pageshow" for "http://radar.itjuzi.com/company"
1500322714792	Marionette	INFO	Ceased listening
1500322718591	geckodriver	INFO	Listening on 127.0.0.1:58743
1500322719937	geckodriver::marionette	INFO	Starting browser /Applications/Firefox.app/Contents/MacOS/firefox-bin with args ["-marionette"]
1500322725325	Marionette	INFO	Listening on port 58752
1500322725452	Marionette	WARN	TLS certificate errors will be ignored for this session
1500322725921	Marionette	DEBUG	loaded listener.js
1500322726185	Marionette	DEBUG	Received DOM event "beforeunload" for "about:blank"
2017-07-17 16:18:46.268 plugin-container[66079:40104094] *** CFMessagePort: bootstrap_register(): failed 1100 (0x44c) 'Permission denied', port = 0x973b, name = 'com.apple.tsm.portname'
See /usr/include/servers/bootstrap_defs.h for the error codes.
2017-07-17 16:18:46.272 plugin-container[66079:40104094] *** CFMessagePort: bootstrap_register(): failed 1100 (0x44c) 'Permission denied', port = 0x9c03, name = 'com.apple.CFPasteboardClient'
See /usr/include/servers/bootstrap_defs.h for the error codes.
1500322726744	Marionette	DEBUG	Received DOM event "pagehide" for "about:blank"
1500322726745	Marionette	DEBUG	Received DOM event "unload" for "about:blank"
1500322726752	Marionette	DEBUG	Received DOM event "DOMContentLoaded" for "http://radar.itjuzi.com/company"
1500322726759	Marionette	DEBUG	Received DOM event "pageshow" for "http://radar.itjuzi.com/company"
1500322799275	Marionette	INFO	Ceased listening
1500322925972	geckodriver	INFO	Listening on 127.0.0.1:59374
1500322928648	geckodriver::marionette	INFO	Starting browser /Applications/Firefox.app/Contents/MacOS/firefox-bin with args ["-marionette"]
1500322934870	Marionette	INFO	Listening on port 59383
1500322935138	Marionette	WARN	TLS certificate errors will be ignored for this session
1500322935715	Marionette	DEBUG	loaded listener.js
1500322935858	Marionette	DEBUG	Received DOM event "beforeunload" for "about:blank"
2017-07-17 16:22:15.979 plugin-container[66375:40109115] *** CFMessagePort: bootstrap_register(): failed 1100 (0x44c) 'Permission denied', port = 0x973f, name = 'com.apple.tsm.portname'
See /usr/include/servers/bootstrap_defs.h for the error codes.
2017-07-17 16:22:15.982 plugin-container[66375:40109115] *** CFMessagePort: bootstrap_register(): failed 1100 (0x44c) 'Permission denied', port = 0x9b03, name = 'com.apple.CFPasteboardClient'
See /usr/include/servers/bootstrap_defs.h for the error codes.
1500322936636	Marionette	DEBUG	Received DOM event "pagehide" for "about:blank"
1500322936636	Marionette	DEBUG	Received DOM event "unload" for "about:blank"
1500322936657	Marionette	DEBUG	Received DOM event "DOMContentLoaded" for "http://radar.itjuzi.com/company"
1500322936667	Marionette	DEBUG	Received DOM event "pageshow" for "http://radar.itjuzi.com/company"
1500323174520	Marionette	INFO	Ceased listening
1500323177066	geckodriver	INFO	Listening on 127.0.0.1:60059
1500323178357	geckodriver::marionette	INFO	Starting browser /Applications/Firefox.app/Contents/MacOS/firefox-bin with args ["-marionette"]
1500323181661	Marionette	INFO	Listening on port 60068
1500323181750	Marionette	WARN	TLS certificate errors will be ignored for this session
1500323182077	Marionette	DEBUG	loaded listener.js
1500323182167	Marionette	DEBUG	Received DOM event "beforeunload" for "about:blank"
2017-07-17 16:26:22.224 plugin-container[66614:40112363] *** CFMessagePort: bootstrap_register(): failed 1100 (0x44c) 'Permission denied', port = 0x963b, name = 'com.apple.tsm.portname'
See /usr/include/servers/bootstrap_defs.h for the error codes.
2017-07-17 16:26:22.225 plugin-container[66614:40112363] *** CFMessagePort: bootstrap_register(): failed 1100 (0x44c) 'Permission denied', port = 0x9a03, name = 'com.apple.CFPasteboardClient'
See /usr/include/servers/bootstrap_defs.h for the error codes.
1500323183201	Marionette	DEBUG	Received DOM event "pagehide" for "about:blank"
1500323183202	Marionette	DEBUG	Received DOM event "unload" for "about:blank"
1500323183210	Marionette	DEBUG	Received DOM event "DOMContentLoaded" for "http://radar.itjuzi.com/company"
1500323183215	Marionette	DEBUG	Received DOM event "pageshow" for "http://radar.itjuzi.com/company"
1500323260213	Marionette	INFO	Ceased listening
1500324545452	geckodriver	INFO	Listening on 127.0.0.1:62848
1500324546540	geckodriver::marionette	INFO	Starting browser /Applications/Firefox.app/Contents/MacOS/firefox-bin with args ["-marionette"]
